<?xml version="1.0" encoding="UTF-8"?>
<!-- Generated by org.testng.reporters.JUnitXMLReporter -->
<testsuite hostname="DESKTOP-TFADDNR" ignored="0" name="Default test" tests="3" failures="0" timestamp="2020-11-02T19:17:43 MST" time="168.125" errors="0">
  <testcase name="CheckDisplay" time="107.634" classname="com.dollardays.testcases.HomePageDisplay"/>
  <testcase name="SignUpDealsBlank" time="8.435" classname="com.dollardays.testcases.HomePageDisplay"/>
  <testcase name="SignUpDealsInvalid" time="8.424" classname="com.dollardays.testcases.HomePageDisplay"/>
</testsuite> <!-- Default test -->
